<?xml version="1.0" encoding="UTF-8"?>
<testsuite xmlns:xsi="http://www.w3.org/2001/XMLSchema-instance" xsi:noNamespaceSchemaLocation="https://maven.apache.org/surefire/maven-surefire-plugin/xsd/surefire-test-report-3.0.xsd" version="3.0" name="dev.danvega.hellohtmx.HelloHtmxApplicationTests" time="1.032" tests="1" errors="0" skipped="0" failures="0">
  <properties>
[...]
</properties>
  <testcase name="contextLoads" classname="dev.danvega.hellohtmx.HelloHtmxApplicationTests" time="0.37">
    <system-out><![CDATA[22:09:32.487 [main] INFO org.springframework.test.context.support.AnnotationConfigContextLoaderUtils -- Could not detect default configuration classes for test class [dev.danvega.hellohtmx.HelloHtmxApplicationTests]: HelloHtmxApplicationTests does not declare any static, non-private, non-final, nested classes annotated with @Configuration.
22:09:32.517 [main] INFO org.springframework.boot.test.context.SpringBootTestContextBootstrapper -- Found @SpringBootConfiguration dev.danvega.hellohtmx.Application for test class dev.danvega.hellohtmx.HelloHtmxApplicationTests
22:09:32.564 [main] INFO org.springframework.boot.devtools.restart.RestartApplicationListener -- Restart disabled due to context in which it is running

  .   ____          _            __ _ _
 /\\ / ___'_ __ _ _(_)_ __  __ _ \ \ \ \
( ( )\___ | '_ | '_| | '_ \/ _` | \ \ \ \
 \\/  ___)| |_)| | | | | || (_| |  ) ) ) )
  '  |____| .__|_| |_|_| |_\__, | / / / /
 =========|_|==============|___/=/_/_/_/
 :: Spring Boot ::                (v3.2.5)

2024-06-10T22:09:32.640-03:00  INFO 1591 --- [hello-htmx] [           main] d.d.hellohtmx.HelloHtmxApplicationTests  : Starting HelloHtmxApplicationTests using Java 21.0.2 with PID 1591 (started by josepeixoto in /Users/josepeixoto/Documents/EstudosSpring/htmx)
2024-06-10T22:09:32.641-03:00  INFO 1591 --- [hello-htmx] [           main] d.d.hellohtmx.HelloHtmxApplicationTests  : No active profile set, falling back to 1 default profile: "default"
2024-06-10T22:09:33.083-03:00  INFO 1591 --- [hello-htmx] [           main] d.d.hellohtmx.HelloHtmxApplicationTests  : Started HelloHtmxApplicationTests in 0.522 seconds (process running for 0.86)
]]></system-out>
    <system-err><![CDATA[WARNING: A Java agent has been loaded dynamically (/Users/josepeixoto/.m2/repository/net/bytebuddy/byte-buddy-agent/1.14.13/byte-buddy-agent-1.14.13.jar)
WARNING: If a serviceability tool is in use, please run with -XX:+EnableDynamicAgentLoading to hide this warning
WARNING: If a serviceability tool is not in use, please run with -Djdk.instrument.traceUsage for more information
WARNING: Dynamic loading of agents will be disallowed by default in a future release
]]></system-err>
  </testcase>
</testsuite>